# JRE version: Java(TM) SE Runtime Environment (11.0.5+10) (build 11.0.5+10-LTS)
# Java VM: Java HotSpot(TM) 64-Bit Server VM (11.0.5+10-LTS, mixed mode, tiered, compressed oops, g1 gc, windows-amd64)
Heap:
 garbage-first heap   total 131072K, used 23344K [0x0000000081400000, 0x0000000100000000)
  region size 1024K, 18 young (18432K), 10 survivors (10240K)
 Metaspace       used 31654K, capacity 32311K, committed 32560K, reserved 1079296K
  class space    used 3455K, capacity 3687K, committed 3712K, reserved 1048576K
GC Heap History (6 events):
Event: 0.399 GC heap before
{Heap before GC invocations=0 (full 0):
 garbage-first heap   total 131072K, used 21504K [0x0000000081400000, 0x0000000100000000)
  region size 1024K, 22 young (22528K), 0 survivors (0K)
 Metaspace       used 12170K, capacity 12440K, committed 12672K, reserved 1060864K
  class space    used 1250K, capacity 1317K, committed 1408K, reserved 1048576K
}
Event: 0.403 GC heap after
{Heap after GC invocations=1 (full 0):
 garbage-first heap   total 131072K, used 3291K [0x0000000081400000, 0x0000000100000000)
  region size 1024K, 3 young (3072K), 3 survivors (3072K)
 Metaspace       used 12170K, capacity 12440K, committed 12672K, reserved 1060864K
  class space    used 1250K, capacity 1317K, committed 1408K, reserved 1048576K
}
Event: 1.145 GC heap before
{Heap before GC invocations=1 (full 0):
 garbage-first heap   total 131072K, used 68827K [0x0000000081400000, 0x0000000100000000)
  region size 1024K, 68 young (69632K), 3 survivors (3072K)
 Metaspace       used 20792K, capacity 21237K, committed 21296K, reserved 1069056K
  class space    used 2262K, capacity 2421K, committed 2432K, reserved 1048576K
}
Event: 1.155 GC heap after
{Heap after GC invocations=2 (full 0):
 garbage-first heap   total 131072K, used 7096K [0x0000000081400000, 0x0000000100000000)
  region size 1024K, 7 young (7168K), 7 survivors (7168K)
 Metaspace       used 20792K, capacity 21237K, committed 21296K, reserved 1069056K
  class space    used 2262K, capacity 2421K, committed 2432K, reserved 1048576K
}
Event: 1.954 GC heap before
{Heap before GC invocations=3 (full 0):
 garbage-first heap   total 131072K, used 77752K [0x0000000081400000, 0x0000000100000000)
  region size 1024K, 76 young (77824K), 7 survivors (7168K)
 Metaspace       used 31297K, capacity 31979K, committed 32048K, reserved 1077248K
  class space    used 3439K, capacity 3684K, committed 3712K, reserved 1048576K
}
Event: 1.972 GC heap after
{Heap after GC invocations=4 (full 0):
 garbage-first heap   total 131072K, used 16176K [0x0000000081400000, 0x0000000100000000)
  region size 1024K, 10 young (10240K), 10 survivors (10240K)
 Metaspace       used 31297K, capacity 31979K, committed 32048K, reserved 1077248K
  class space    used 3439K, capacity 3684K, committed 3712K, reserved 1048576K
}

